<?xml version="1.0" encoding="UTF-8"?>
<!-- Generated by org.testng.reporters.JUnitXMLReporter -->
<testsuite ignored="0" hostname="DESKTOP-S47AR8E" failures="0" tests="7" name="Default test" time="72.579" errors="0" timestamp="2022-09-13T17:29:38 IST">
  <testcase classname="HRMPowerTestcase.BaseClass" name="setup" time="30.034"/>
  <testcase classname="HRMPowerTestcase.TCAddHoliday" name="logintest" time="1.253"/>
  <testcase classname="HRMPowerTestcase.TCAddHoliday" name="navigateToSearchUser" time="4.781"/>
  <testcase classname="HRMPowerTestcase.TCAddHoliday" name="AddHolidayObject" time="1.5"/>
  <testcase classname="HRMPowerTestcase.TCAddHoliday" name="AddHolidayObject" time="7.775"/>
  <testcase classname="HRMPowerTestcase.TCAddHoliday" name="AddHolidayObjects" time="9.728"/>
  <testcase classname="HRMPowerTestcase.TCAddHoliday" name="AddHolidayObjectss" time="7.901"/>
</testsuite> <!-- Default test -->
